Build started 12/17/2013 9:37:45 PM.
     1>Project "C:\Users\Alexandru\Documents\GitHub\Jagermeisterz\Direct_Access_Image_Sample.vcxproj" on node 2 (Build target(s)).
     1>InitializeBuildStatus:
         Creating "Debug\ImageBinarization.unsuccessfulbuild" because "AlwaysCreate" was specified.
       ClCompile:
         All outputs are up-to-date.
         C:\Program Files (x86)\Microsoft Visual Studio 11.0\VC\bin\CL.exe /c /ZI /nologo /W4 /WX- /Od /Oy- /D WIN32 /D _DEBUG /D _CONSOLE /D _UNICODE /D UNICODE /Gm /EHsc /RTC1 /MDd /GS /fp:precise /Zc:wchar_t /Zc:forScope /Yu"stdafx.h" /Fp"Debug\binarize.pch" /Fo"Debug\\" /Fd"Debug\vc110.pdb" /Gd /TP /analyze- /errorReport:prompt ImageBinarization.cpp
         ImageBinarization.cpp
     1>c:\users\alexandru\documents\github\jagermeisterz\direct_access_image.h(624): warning C4244: 'return' : conversion from 'int' to 'BYTE', possible loss of data
     1>c:\users\alexandru\documents\github\jagermeisterz\imagebinarization.cpp(88): warning C4244: 'argument' : conversion from 'int' to 'BYTE', possible loss of data
     1>c:\users\alexandru\documents\github\jagermeisterz\imagebinarization.cpp(92): warning C4244: 'argument' : conversion from 'int' to 'BYTE', possible loss of data
     1>c:\users\alexandru\documents\github\jagermeisterz\imagebinarization.cpp(103): warning C4244: 'argument' : conversion from 'int' to 'BYTE', possible loss of data
     1>c:\users\alexandru\documents\github\jagermeisterz\imagebinarization.cpp(107): warning C4244: 'argument' : conversion from 'int' to 'BYTE', possible loss of data
     1>c:\users\alexandru\documents\github\jagermeisterz\imagebinarization.cpp(79): warning C4101: 'newPixel' : unreferenced local variable
       Link:
         C:\Program Files (x86)\Microsoft Visual Studio 11.0\VC\bin\link.exe /ERRORREPORT:PROMPT /OUT:"C:\Users\Alexandru\Documents\GitHub\Jagermeisterz\Debug\binarize.exe" /INCREMENTAL /NOLOGO kernel32.lib user32.lib gdi32.lib winspool.lib comdlg32.lib advapi32.lib shell32.lib ole32.lib oleaut32.lib uuid.lib odbc32.lib odbccp32.lib /MANIFEST /MANIFESTUAC:"level='asInvoker' uiAccess='false'" /manifest:embed /DEBUG /PDB:"C:\Users\Alexandru\Documents\GitHub\Jagermeisterz\Debug\binarize.pdb" /SUBSYSTEM:CONSOLE /TLBID:1 /DYNAMICBASE /NXCOMPAT /IMPLIB:"C:\Users\Alexandru\Documents\GitHub\Jagermeisterz\Debug\binarize.lib" /MACHINE:X86 Debug\Direct_Access_Image.obj
         Debug\ImageBinarization.obj
         Debug\stdafx.obj
         Direct_Access_Image_Sample.vcxproj -> C:\Users\Alexandru\Documents\GitHub\Jagermeisterz\Debug\binarize.exe
       FinalizeBuildStatus:
         Deleting file "Debug\ImageBinarization.unsuccessfulbuild".
         Touching "Debug\ImageBinarization.lastbuildstate".
     1>Done Building Project "C:\Users\Alexandru\Documents\GitHub\Jagermeisterz\Direct_Access_Image_Sample.vcxproj" (Build target(s)).

Build succeeded.

Time Elapsed 00:00:00.43
