D:\FACULTATE\ANUL 4\MPS2\DEBUG\DIRECT_ACCESS_IMAGE_SAMPLE.PCH
D:\FACULTATE\ANUL 4\MPS2\DEBUG\STDAFX.OBJ
D:\FACULTATE\ANUL 4\MPS2\DEBUG\VC110.PDB
D:\FACULTATE\ANUL 4\MPS2\DEBUG\DIRECT_ACCESS_IMAGE.OBJ
D:\FACULTATE\ANUL 4\MPS2\DEBUG\IMAGEBINARIZATION.OBJ
D:\FACULTATE\ANUL 4\MPS2\DEBUG\DIRECT_ACCESS_IMAGE_SAMPLE.ILK
D:\FACULTATE\ANUL 4\MPS2\DEBUG\DIRECT_ACCESS_IMAGE_SAMPLE.EXE
D:\FACULTATE\ANUL 4\MPS2\DEBUG\DIRECT_ACCESS_IMAGE_SAMPLE.PDB
D:\Facultate\Anul 4\MPS2\Debug\Direct_Access_Image.obj
D:\Facultate\Anul 4\MPS2\Debug\ImageBinarization.obj
D:\Facultate\Anul 4\MPS2\Debug\stdafx.obj
D:\Facultate\Anul 4\MPS2\Debug\Direct_Access_Image_Sample.ilk
D:\Facultate\Anul 4\MPS2\Debug\cl.command.1.tlog
D:\Facultate\Anul 4\MPS2\Debug\CL.read.1.tlog
D:\Facultate\Anul 4\MPS2\Debug\CL.write.1.tlog
D:\Facultate\Anul 4\MPS2\Debug\link-cvtres.read.1.tlog
D:\Facultate\Anul 4\MPS2\Debug\link-cvtres.write.1.tlog
D:\Facultate\Anul 4\MPS2\Debug\link-rc.read.1.tlog
D:\Facultate\Anul 4\MPS2\Debug\link-rc.write.1.tlog
D:\Facultate\Anul 4\MPS2\Debug\link.command.1.tlog
D:\Facultate\Anul 4\MPS2\Debug\link.read.1.tlog
D:\Facultate\Anul 4\MPS2\Debug\link.write.1.tlog
D:\Facultate\Anul 4\MPS2\Debug\Direct_Access_Image_Sample.pch
D:\Facultate\Anul 4\MPS2\Debug\vc110.idb
D:\Facultate\Anul 4\MPS2\Debug\Direct_Access_Image_Sample.pdb
D:\Facultate\Anul 4\MPS2\Debug\vc110.pdb
D:\Facultate\Anul 4\MPS2\Debug\Direct_Access_Image_Sample.exe
